<?xml version="1.0" encoding="UTF-8"?>
<!-- Generated by org.testng.reporters.JUnitReportReporter -->
<testsuite skipped="0" hostname="DESKTOP-VTAR73Q" name="org.example.AppTest" tests="1" failures="0" timestamp="2022-07-21T06:47:45 BST" time="0.016" errors="0">
  <testcase name="shouldAnswerWithTrue" time="0.016" classname="org.example.AppTest"/>
  <system-out/>
</testsuite> <!-- org.example.AppTest -->
